#
# A fatal error has been detected by the Java Runtime Environment:
#
#  EXCEPTION_ACCESS_VIOLATION (0xc0000005) at pc=0x00000000617848d8, pid=12700, tid=0x0000000000002878
#
# JRE version: OpenJDK Runtime Environment (8.0_242-b01) (build 1.8.0_242-release-1644-b01)
# Java VM: OpenJDK 64-Bit Server VM (25.242-b01 mixed mode windows-amd64 compressed oops)
# Problematic frame:
# V  [jvm.dll+0x4948d8]
#
# Failed to write core dump. Minidumps are not enabled by default on client versions of Windows
#
# If you would like to submit a bug report, please visit:
#   
#

---------------  T H R E A D  ---------------

Current thread (0x0000000019df7800):  JavaThread "C2 CompilerThread2" daemon [_thread_in_native, id=10360, stack(0x000000001a8c0000,0x000000001a9c0000)]

siginfo: ExceptionCode=0xc0000005, reading address 0x00000000ffffc12f

Registers:
RAX=0x0000000000000012, RBX=0x000000001b368a28, RCX=0x000000000000024c, RDX=0x000000001b368810
RSP=0x000000001a9bb7e0, RBP=0x000000001a9bbce0, RSI=0x000000001a9bbd00, RDI=0x00000000000001e0
R8 =0x000000002e682b70, R9 =0x0000000000000000, R10=0x6fffffbfffbfffff, R11=0x0000000000400000
R12=0x000000001a9bb888, R13=0x0000000000000008, R14=0x000000001b368dd8, R15=0x0000000000000001
RIP=0x00000000617848d8, EFLAGS=0x0000000000010206

Top of Stack: (sp=0x000000001a9bb7e0)
0x000000001a9bb7e0:   00000000204810a0 00000000000000f8
0x000000001a9bb7f0:   000000001a9bb8a8 000000001a9bb888
0x000000001a9bb800:   000000002f839050 0000000017fcc680
0x000000001a9bb810:   0000000000000012 0000000000000002
0x000000001a9bb820:   00000000204810a0 000000002bd9c230
0x000000001a9bb830:   0000000017fcc680 000000001a9bbce0
0x000000001a9bb840:   000000001a9bb950 000000006178694b
0x000000001a9bb850:   000000001a9bbce0 000000001a9bb8a8
0x000000001a9bb860:   0000000000000005 000000001a9bb8f8
0x000000001a9bb870:   000000002bd9c280 000000002bda4218
0x000000001a9bb880:   0000000000130180 0000000017fcc680
0x000000001a9bb890:   0000000000000200 000000001d3f5700
0x000000001a9bb8a0:   000000000000008d 000000006192f9e8
0x000000001a9bb8b0:   0000000017fcc680 00007ffe00000200
0x000000001a9bb8c0:   000000001d3f6700 0000000000000012
0x000000001a9bb8d0:   000000002bd9c230 0000000017fcc680 

Instructions: (pc=0x00000000617848d8)
0x00000000617848b8:   8b ce e8 31 39 03 00 48 8b 46 10 48 8d 55 01 48
0x00000000617848c8:   89 14 f8 48 8b 7c 24 78 8b 4b 28 8b c1 c1 e8 05
0x00000000617848d8:   3b 47 10 72 10 48 8b 07 8b d1 48 8b cf ff 50 18
0x00000000617848e8:   45 33 db eb 21 83 e1 1f 8b d0 41 b8 01 00 00 00 


Register to memory mapping:

RAX=0x0000000000000012 is an unknown value
RBX=0x000000001b368a28 is an unknown value
RCX=0x000000000000024c is an unknown value
RDX=0x000000001b368810 is an unknown value
RSP=0x000000001a9bb7e0 is pointing into the stack for thread: 0x0000000019df7800
RBP=0x000000001a9bbce0 is pointing into the stack for thread: 0x0000000019df7800
RSI=0x000000001a9bbd00 is pointing into the stack for thread: 0x0000000019df7800
RDI=0x00000000000001e0 is an unknown value
R8 =0x000000002e682b70 is an unknown value
R9 =0x0000000000000000 is an unknown value
R10=0x6fffffbfffbfffff is an unknown value
R11=0x0000000000400000 is an unknown value
R12=0x000000001a9bb888 is pointing into the stack for thread: 0x0000000019df7800
R13=0x0000000000000008 is an unknown value
R14=0x000000001b368dd8 is an unknown value
R15=0x0000000000000001 is an unknown value


Stack: [0x000000001a8c0000,0x000000001a9c0000],  sp=0x000000001a9bb7e0,  free space=1005k
Native frames: (J=compiled Java code, j=interpreted, Vv=VM code, C=native code)
V  [jvm.dll+0x4948d8]
V  [jvm.dll+0x49694b]
V  [jvm.dll+0x446db9]
V  [jvm.dll+0x447f14]
V  [jvm.dll+0x42b072]
V  [jvm.dll+0x8230f]
V  [jvm.dll+0x82c7f]
V  [jvm.dll+0x220b7f]
V  [jvm.dll+0x27276a]
C  [msvcr100.dll+0x21d9f]
C  [msvcr100.dll+0x21e3b]
C  [KERNEL32.DLL+0x17034]
C  [ntdll.dll+0x52651]


Current CompileTask:
C2: 111467 17533       4       java.lang.Class::privateGetPublicMethods (267 bytes)


---------------  P R O C E S S  ---------------

Java Threads: ( => current thread )
  0x000000001f962000 JavaThread "Cache worker for execution history cache (E:\Priya\webBrowserMaster\WebBrowser-master\.gradle\6.5\executionHistory)" [_thread_blocked, id=12572, stack(0x0000000030c70000,0x0000000030d70000)]
  0x000000001f965800 JavaThread "Execution worker for ':' Thread 7" [_thread_blocked, id=5908, stack(0x0000000030b70000,0x0000000030c70000)]
  0x000000001f957800 JavaThread "Execution worker for ':' Thread 6" [_thread_blocked, id=10060, stack(0x0000000030a70000,0x0000000030b70000)]
  0x000000001f95e000 JavaThread "Execution worker for ':' Thread 5" [_thread_blocked, id=9264, stack(0x0000000030970000,0x0000000030a70000)]
  0x000000001f95c800 JavaThread "Execution worker for ':' Thread 4" [_thread_blocked, id=816, stack(0x0000000030870000,0x0000000030970000)]
  0x000000001f95b000 JavaThread "Execution worker for ':' Thread 3" [_thread_blocked, id=1604, stack(0x000000002efb0000,0x000000002f0b0000)]
  0x000000001f95a800 JavaThread "Execution worker for ':' Thread 2" [_thread_blocked, id=13392, stack(0x000000002eeb0000,0x000000002efb0000)]
  0x000000001f959800 JavaThread "Execution worker for ':'" [_thread_in_vm, id=8164, stack(0x000000002dd30000,0x000000002de30000)]
  0x000000001f959000 JavaThread "Cache worker for file content cache (E:\Priya\webBrowserMaster\WebBrowser-master\.gradle\6.5\fileContent)" [_thread_blocked, id=2040, stack(0x000000002b590000,0x000000002b690000)]
  0x000000001f956800 JavaThread "Cache worker for Build Output Cleanup Cache (E:\Priya\webBrowserMaster\WebBrowser-master\.gradle\buildOutputCleanup)" [_thread_blocked, id=9564, stack(0x000000002b490000,0x000000002b590000)]
  0x000000001f958000 JavaThread "jar transforms Thread 236" [_thread_blocked, id=13440, stack(0x000000002b390000,0x000000002b490000)]
  0x000000001fd96000 JavaThread "jar transforms Thread 235" [_thread_blocked, id=11328, stack(0x000000002b290000,0x000000002b390000)]
  0x000000001fd98800 JavaThread "jar transforms Thread 234" [_thread_blocked, id=3508, stack(0x000000002b190000,0x000000002b290000)]
  0x000000001fd94800 JavaThread "jar transforms Thread 233" [_thread_blocked, id=6476, stack(0x000000002b090000,0x000000002b190000)]
  0x000000001fd97800 JavaThread "jar transforms Thread 232" [_thread_blocked, id=4760, stack(0x000000002af90000,0x000000002b090000)]
  0x000000001fd9a000 JavaThread "jar transforms Thread 231" [_thread_blocked, id=13352, stack(0x000000002ae90000,0x000000002af90000)]
  0x000000001fd97000 JavaThread "jar transforms Thread 230" [_thread_blocked, id=3128, stack(0x000000002ad90000,0x000000002ae90000)]
  0x000000001fd95800 JavaThread "jar transforms Thread 229" [_thread_blocked, id=5956, stack(0x000000002ac90000,0x000000002ad90000)]
  0x000000001fd99800 JavaThread "jar transforms Thread 228" [_thread_blocked, id=11932, stack(0x000000002ab90000,0x000000002ac90000)]
  0x000000001fd8d000 JavaThread "jar transforms Thread 227" [_thread_blocked, id=5544, stack(0x000000002aa90000,0x000000002ab90000)]
  0x000000001fd94000 JavaThread "jar transforms Thread 226" [_thread_blocked, id=8160, stack(0x000000002a990000,0x000000002aa90000)]
  0x000000001fd8c800 JavaThread "jar transforms Thread 225" [_thread_blocked, id=8272, stack(0x000000002a890000,0x000000002a990000)]
  0x000000001fd93000 JavaThread "jar transforms Thread 224" [_thread_blocked, id=8700, stack(0x000000002a790000,0x000000002a890000)]
  0x000000001fd92800 JavaThread "jar transforms Thread 223" [_thread_blocked, id=8152, stack(0x000000002a690000,0x000000002a790000)]
  0x000000001fd91800 JavaThread "jar transforms Thread 222" [_thread_blocked, id=6496, stack(0x000000002a590000,0x000000002a690000)]
  0x000000001fd8e800 JavaThread "jar transforms Thread 221" [_thread_blocked, id=10784, stack(0x000000002a490000,0x000000002a590000)]
  0x000000001fd90000 JavaThread "jar transforms Thread 220" [_thread_blocked, id=10024, stack(0x000000002a390000,0x000000002a490000)]
  0x000000001fd8e000 JavaThread "jar transforms Thread 219" [_thread_blocked, id=6908, stack(0x000000002a290000,0x000000002a390000)]
  0x000000001fd8b000 JavaThread "jar transforms Thread 218" [_thread_blocked, id=6444, stack(0x000000002a190000,0x000000002a290000)]
  0x000000001fd8b800 JavaThread "jar transforms Thread 217" [_thread_blocked, id=13432, stack(0x000000002a090000,0x000000002a190000)]
  0x000000001fd8f800 JavaThread "jar transforms Thread 216" [_thread_blocked, id=3028, stack(0x0000000029f90000,0x000000002a090000)]
  0x000000001fd91000 JavaThread "jar transforms Thread 215" [_thread_blocked, id=13660, stack(0x0000000029e90000,0x0000000029f90000)]
  0x0000000021ad8800 JavaThread "jar transforms Thread 214" [_thread_blocked, id=9592, stack(0x0000000029d90000,0x0000000029e90000)]
  0x0000000021ad7800 JavaThread "jar transforms Thread 213" [_thread_blocked, id=5952, stack(0x0000000029c90000,0x0000000029d90000)]
  0x0000000021ad7000 JavaThread "jar transforms Thread 212" [_thread_blocked, id=10712, stack(0x0000000029b90000,0x0000000029c90000)]
  0x0000000021ada800 JavaThread "jar transforms Thread 211" [_thread_blocked, id=3964, stack(0x0000000029a90000,0x0000000029b90000)]
  0x0000000021ad6000 JavaThread "jar transforms Thread 210" [_thread_blocked, id=9560, stack(0x0000000029990000,0x0000000029a90000)]
  0x0000000021ad4000 JavaThread "jar transforms Thread 209" [_thread_blocked, id=5460, stack(0x0000000029890000,0x0000000029990000)]
  0x0000000021ad4800 JavaThread "jar transforms Thread 208" [_thread_blocked, id=7152, stack(0x0000000029790000,0x0000000029890000)]
  0x0000000021ad5800 JavaThread "jar transforms Thread 207" [_thread_blocked, id=1848, stack(0x0000000029690000,0x0000000029790000)]
  0x0000000021ada000 JavaThread "jar transforms Thread 206" [_thread_blocked, id=3300, stack(0x0000000029590000,0x0000000029690000)]
  0x0000000021ad9000 JavaThread "jar transforms Thread 205" [_thread_blocked, id=872, stack(0x0000000029490000,0x0000000029590000)]
  0x0000000021acc800 JavaThread "jar transforms Thread 204" [_thread_blocked, id=12924, stack(0x0000000029390000,0x0000000029490000)]
  0x0000000021ad1000 JavaThread "jar transforms Thread 203" [_thread_blocked, id=14156, stack(0x0000000029290000,0x0000000029390000)]
  0x0000000021ad0000 JavaThread "jar transforms Thread 202" [_thread_blocked, id=10464, stack(0x0000000029190000,0x0000000029290000)]
  0x0000000021ad3000 JavaThread "jar transforms Thread 201" [_thread_blocked, id=12032, stack(0x0000000029090000,0x0000000029190000)]
  0x0000000021acf800 JavaThread "jar transforms Thread 200" [_thread_blocked, id=1176, stack(0x0000000028f90000,0x0000000029090000)]
  0x0000000021ace800 JavaThread "jar transforms Thread 199" [_thread_blocked, id=13604, stack(0x0000000028e90000,0x0000000028f90000)]
  0x0000000021ace000 JavaThread "jar transforms Thread 198" [_thread_blocked, id=13876, stack(0x0000000028d90000,0x0000000028e90000)]
  0x0000000021ad1800 JavaThread "jar transforms Thread 197" [_thread_blocked, id=4972, stack(0x0000000028c90000,0x0000000028d90000)]
  0x0000000021acb800 JavaThread "jar transforms Thread 196" [_thread_blocked, id=14308, stack(0x0000000028b90000,0x0000000028c90000)]
  0x0000000021acd000 JavaThread "jar transforms Thread 195" [_thread_blocked, id=9736, stack(0x0000000028a90000,0x0000000028b90000)]
  0x0000000021ad2800 JavaThread "jar transforms Thread 194" [_thread_blocked, id=13476, stack(0x0000000028990000,0x0000000028a90000)]
  0x000000001c868800 JavaThread "jar transforms Thread 193" [_thread_blocked, id=7352, stack(0x0000000028890000,0x0000000028990000)]
  0x000000001c86b800 JavaThread "jar transforms Thread 192" [_thread_blocked, id=6624, stack(0x0000000028790000,0x0000000028890000)]
  0x000000001c868000 JavaThread "jar transforms Thread 191" [_thread_blocked, id=13872, stack(0x0000000028690000,0x0000000028790000)]
  0x000000001c869800 JavaThread "jar transforms Thread 190" [_thread_blocked, id=10948, stack(0x0000000028590000,0x0000000028690000)]
  0x000000001c866800 JavaThread "jar transforms Thread 189" [_thread_blocked, id=6452, stack(0x0000000028490000,0x0000000028590000)]
  0x000000001f933800 JavaThread "jar transforms Thread 188" [_thread_blocked, id=552, stack(0x0000000028390000,0x0000000028490000)]
  0x000000001f93a800 JavaThread "jar transforms Thread 187" [_thread_blocked, id=6356, stack(0x0000000028290000,0x0000000028390000)]
  0x000000001f936800 JavaThread "jar transforms Thread 186" [_thread_blocked, id=11332, stack(0x0000000028190000,0x0000000028290000)]
  0x000000001f932000 JavaThread "jar transforms Thread 185" [_thread_blocked, id=9640, stack(0x0000000028090000,0x0000000028190000)]
  0x000000001f938000 JavaThread "jar transforms Thread 184" [_thread_blocked, id=5968, stack(0x0000000027f90000,0x0000000028090000)]
  0x000000001f92f000 JavaThread "jar transforms Thread 183" [_thread_blocked, id=8848, stack(0x0000000027e90000,0x0000000027f90000)]
  0x000000001f92e000 JavaThread "jar transforms Thread 182" [_thread_blocked, id=8236, stack(0x0000000027d90000,0x0000000027e90000)]
  0x000000002158c000 JavaThread "jar transforms Thread 181" [_thread_blocked, id=13260, stack(0x0000000027c90000,0x0000000027d90000)]
  0x0000000021589800 JavaThread "jar transforms Thread 180" [_thread_blocked, id=6708, stack(0x0000000027b90000,0x0000000027c90000)]
  0x0000000021589000 JavaThread "jar transforms Thread 179" [_thread_blocked, id=10564, stack(0x0000000027a90000,0x0000000027b90000)]
  0x000000002158f800 JavaThread "jar transforms Thread 178" [_thread_blocked, id=9104, stack(0x0000000027990000,0x0000000027a90000)]
  0x0000000021588000 JavaThread "jar transforms Thread 177" [_thread_blocked, id=8644, stack(0x0000000027890000,0x0000000027990000)]
  0x000000002158e000 JavaThread "jar transforms Thread 176" [_thread_blocked, id=8984, stack(0x0000000027790000,0x0000000027890000)]
  0x0000000021580800 JavaThread "jar transforms Thread 175" [_thread_blocked, id=14320, stack(0x0000000027690000,0x0000000027790000)]
  0x0000000021587800 JavaThread "jar transforms Thread 174" [_thread_blocked, id=9740, stack(0x0000000027590000,0x0000000027690000)]
  0x0000000021585000 JavaThread "jar transforms Thread 173" [_thread_blocked, id=2004, stack(0x0000000027490000,0x0000000027590000)]
  0x0000000021581800 JavaThread "jar transforms Thread 172" [_thread_blocked, id=14188, stack(0x0000000027390000,0x0000000027490000)]
  0x0000000021582000 JavaThread "jar transforms Thread 171" [_thread_blocked, id=10600, stack(0x0000000027290000,0x0000000027390000)]
  0x000000001c279800 JavaThread "jar transforms Thread 170" [_thread_blocked, id=2108, stack(0x0000000027190000,0x0000000027290000)]
  0x000000001c27f000 JavaThread "jar transforms Thread 169" [_thread_blocked, id=9816, stack(0x0000000027090000,0x0000000027190000)]
  0x000000001c279000 JavaThread "jar transforms Thread 168" [_thread_blocked, id=9448, stack(0x0000000026f90000,0x0000000027090000)]
  0x000000001c27e000 JavaThread "jar transforms Thread 167" [_thread_blocked, id=10900, stack(0x0000000026e90000,0x0000000026f90000)]
  0x000000001c27d800 JavaThread "jar transforms Thread 166" [_thread_blocked, id=880, stack(0x0000000026d90000,0x0000000026e90000)]
  0x000000001c27a800 JavaThread "jar transforms Thread 165" [_thread_blocked, id=10776, stack(0x0000000026c90000,0x0000000026d90000)]
  0x000000001c27c800 JavaThread "jar transforms Thread 164" [_thread_blocked, id=13808, stack(0x0000000026b90000,0x0000000026c90000)]
  0x000000001c27f800 JavaThread "jar transforms Thread 163" [_thread_blocked, id=9964, stack(0x0000000026a90000,0x0000000026b90000)]
  0x000000001c27b000 JavaThread "jar transforms Thread 162" [_thread_blocked, id=8376, stack(0x0000000026990000,0x0000000026a90000)]
  0x000000001c27c000 JavaThread "jar transforms Thread 161" [_thread_blocked, id=12244, stack(0x0000000026890000,0x0000000026990000)]
  0x000000001c271000 JavaThread "jar transforms Thread 160" [_thread_blocked, id=1472, stack(0x0000000026790000,0x0000000026890000)]
  0x000000001c278000 JavaThread "jar transforms Thread 159" [_thread_blocked, id=6196, stack(0x0000000026690000,0x0000000026790000)]
  0x000000001c277800 JavaThread "jar transforms Thread 158" [_thread_blocked, id=13124, stack(0x0000000026590000,0x0000000026690000)]
  0x000000001c276800 JavaThread "jar transforms Thread 157" [_thread_blocked, id=7760, stack(0x0000000026490000,0x0000000026590000)]
  0x000000001c276000 JavaThread "jar transforms Thread 156" [_thread_blocked, id=1392, stack(0x0000000026390000,0x0000000026490000)]
  0x000000001c272800 JavaThread "jar transforms Thread 155" [_thread_blocked, id=4340, stack(0x0000000026290000,0x0000000026390000)]
  0x000000001c272000 JavaThread "jar transforms Thread 154" [_thread_blocked, id=13032, stack(0x0000000026190000,0x0000000026290000)]
  0x0000000021ba0000 JavaThread "jar transforms Thread 153" [_thread_blocked, id=2708, stack(0x0000000026090000,0x0000000026190000)]
  0x0000000021b9e800 JavaThread "jar transforms Thread 152" [_thread_blocked, id=6396, stack(0x0000000025f90000,0x0000000026090000)]
  0x0000000021b96800 JavaThread "jar transforms Thread 151" [_thread_blocked, id=7632, stack(0x0000000025e90000,0x0000000025f90000)]
  0x0000000021b9d000 JavaThread "jar transforms Thread 150" [_thread_blocked, id=5132, stack(0x0000000025d90000,0x0000000025e90000)]
  0x0000000021b9c800 JavaThread "jar transforms Thread 149" [_thread_blocked, id=3736, stack(0x0000000025c90000,0x0000000025d90000)]
  0x0000000021b95800 JavaThread "jar transforms Thread 148" [_thread_blocked, id=12636, stack(0x0000000025b90000,0x0000000025c90000)]
  0x0000000021b99800 JavaThread "jar transforms Thread 147" [_thread_blocked, id=8104, stack(0x0000000025a90000,0x0000000025b90000)]
  0x0000000021b98800 JavaThread "jar transforms Thread 146" [_thread_blocked, id=404, stack(0x0000000025990000,0x0000000025a90000)]
  0x0000000021b9b800 JavaThread "jar transforms Thread 145" [_thread_blocked, id=4592, stack(0x0000000025890000,0x0000000025990000)]
  0x0000000021b9a000 JavaThread "jar transforms Thread 144" [_thread_blocked, id=12900, stack(0x0000000025790000,0x0000000025890000)]
  0x0000000021b95000 JavaThread "jar transforms Thread 143" [_thread_blocked, id=7232, stack(0x0000000025690000,0x0000000025790000)]
  0x0000000021b9b000 JavaThread "jar transforms Thread 142" [_thread_blocked, id=14256, stack(0x0000000025590000,0x0000000025690000)]
  0x0000000021b92800 JavaThread "jar transforms Thread 141" [_thread_blocked, id=13700, stack(0x0000000025490000,0x0000000025590000)]
  0x0000000021b91000 JavaThread "jar transforms Thread 140" [_thread_blocked, id=8312, stack(0x0000000025390000,0x0000000025490000)]
  0x0000000021b94000 JavaThread "jar transforms Thread 139" [_thread_blocked, id=6164, stack(0x0000000025290000,0x0000000025390000)]
  0x0000000021b92000 JavaThread "jar transforms Thread 138" [_thread_blocked, id=13360, stack(0x0000000025190000,0x0000000025290000)]
  0x0000000021b93800 JavaThread "jar transforms Thread 137" [_thread_blocked, id=13672, stack(0x0000000025090000,0x0000000025190000)]
  0x0000000021b98000 JavaThread "jar transforms Thread 136" [_thread_blocked, id=11344, stack(0x0000000024f90000,0x0000000025090000)]
  0x0000000021538800 JavaThread "jar transforms Thread 135" [_thread_blocked, id=13060, stack(0x0000000024e90000,0x0000000024f90000)]
  0x000000002153e000 JavaThread "jar transforms Thread 134" [_thread_blocked, id=9456, stack(0x0000000024d90000,0x0000000024e90000)]
  0x000000002153a000 JavaThread "jar transforms Thread 133" [_thread_blocked, id=7884, stack(0x0000000024c90000,0x0000000024d90000)]
  0x0000000021539800 JavaThread "jar transforms Thread 132" [_thread_blocked, id=11064, stack(0x0000000024b90000,0x0000000024c90000)]
  0x000000002153e800 JavaThread "jar transforms Thread 131" [_thread_blocked, id=14020, stack(0x0000000024a90000,0x0000000024b90000)]
  0x0000000021536800 JavaThread "jar transforms Thread 130" [_thread_blocked, id=8600, stack(0x0000000024990000,0x0000000024a90000)]
  0x000000002153d000 JavaThread "jar transforms Thread 129" [_thread_blocked, id=5208, stack(0x0000000024890000,0x0000000024990000)]
  0x000000002153c800 JavaThread "jar transforms Thread 128" [_thread_blocked, id=11740, stack(0x0000000024790000,0x0000000024890000)]
  0x0000000021535000 JavaThread "jar transforms Thread 127" [_thread_blocked, id=5676, stack(0x0000000024690000,0x0000000024790000)]
  0x0000000021537000 JavaThread "jar transforms Thread 126" [_thread_blocked, id=13968, stack(0x0000000024590000,0x0000000024690000)]
  0x0000000021535800 JavaThread "jar transforms Thread 125" [_thread_blocked, id=6680, stack(0x0000000024490000,0x0000000024590000)]
  0x000000002153b800 JavaThread "jar transforms Thread 124" [_thread_blocked, id=7204, stack(0x0000000024390000,0x0000000024490000)]
  0x0000000021538000 JavaThread "jar transforms Thread 123" [_thread_blocked, id=11708, stack(0x0000000024290000,0x0000000024390000)]
  0x000000002153b000 JavaThread "jar transforms Thread 122" [_thread_blocked, id=3292, stack(0x0000000024190000,0x0000000024290000)]
  0x000000002152d800 JavaThread "jar transforms Thread 121" [_thread_blocked, id=4788, stack(0x0000000024090000,0x0000000024190000)]
  0x0000000021533800 JavaThread "jar transforms Thread 120" [_thread_blocked, id=10896, stack(0x0000000023e90000,0x0000000023f90000)]
  0x0000000021532800 JavaThread "jar transforms Thread 119" [_thread_blocked, id=2700, stack(0x0000000023d90000,0x0000000023e90000)]
  0x000000002152b000 JavaThread "Build operations Thread 8" [_thread_blocked, id=4704, stack(0x0000000023c90000,0x0000000023d90000)]
  0x000000002152f000 JavaThread "Build operations Thread 7" [_thread_blocked, id=11024, stack(0x0000000023b90000,0x0000000023c90000)]
  0x0000000021530800 JavaThread "Build operations Thread 6" [_thread_blocked, id=6596, stack(0x0000000023a90000,0x0000000023b90000)]
  0x0000000021532000 JavaThread "Build operations Thread 5" [_thread_blocked, id=9968, stack(0x0000000023990000,0x0000000023a90000)]
  0x000000002152e000 JavaThread "Build operations Thread 4" [_thread_blocked, id=11104, stack(0x0000000023890000,0x0000000023990000)]
  0x000000002152c800 JavaThread "Build operations Thread 3" [_thread_blocked, id=13804, stack(0x0000000023790000,0x0000000023890000)]
  0x000000002152f800 JavaThread "Build operations Thread 2" [_thread_blocked, id=4028, stack(0x0000000022f90000,0x0000000023090000)]
  0x0000000021531000 JavaThread "Build operations" [_thread_blocked, id=3836, stack(0x00000000224f0000,0x00000000225f0000)]
  0x000000002152a800 JavaThread "Cache worker for cache directory md-rule (C:\Users\shash\.gradle\caches\6.5\md-rule)" [_thread_blocked, id=8472, stack(0x00000000223f0000,0x00000000224f0000)]
  0x0000000021522000 JavaThread "Cache worker for cache directory md-supplier (C:\Users\shash\.gradle\caches\6.5\md-supplier)" [_thread_blocked, id=13676, stack(0x0000000021280000,0x0000000021380000)]
  0x0000000021526000 JavaThread "Cache worker for checksums cache (E:\Priya\webBrowserMaster\WebBrowser-master\.gradle\checksums)" [_thread_blocked, id=13300, stack(0x0000000020f80000,0x0000000021080000)]
  0x0000000021529000 JavaThread "Cache worker for file hash cache (E:\Priya\webBrowserMaster\WebBrowser-master\.gradle\6.5\fileHashes)" [_thread_blocked, id=12276, stack(0x000000001e5e0000,0x000000001e6e0000)]
  0x0000000021523800 JavaThread "Thread-173" [_thread_blocked, id=6652, stack(0x000000001e4e0000,0x000000001e5e0000)]
  0x0000000021528000 JavaThread "Stdin handler" [_thread_blocked, id=12820, stack(0x000000001e3e0000,0x000000001e4e0000)]
  0x0000000021525000 JavaThread "Asynchronous log dispatcher for DefaultDaemonConnection: socket connection from /127.0.0.1:64345 to /127.0.0.1:64373" [_thread_blocked, id=8552, stack(0x000000001e0e0000,0x000000001e1e0000)]
  0x0000000021520800 JavaThread "Daemon worker Thread 2" [_thread_blocked, id=5936, stack(0x000000001dfe0000,0x000000001e0e0000)]
  0x0000000021523000 JavaThread "Cancel handler" [_thread_blocked, id=11812, stack(0x0000000001340000,0x0000000001440000)]
  0x0000000021521800 JavaThread "Handler for socket connection from /127.0.0.1:64345 to /127.0.0.1:64373" [_thread_in_native, id=6524, stack(0x0000000001200000,0x0000000001300000)]
  0x0000000021520000 JavaThread "Daemon Thread 2" [_thread_blocked, id=6428, stack(0x0000000001100000,0x0000000001200000)]
  0x000000001f939800 JavaThread "Cache worker for Java compile cache (C:\Users\shash\.gradle\caches\6.5\javaCompile)" [_thread_blocked, id=13444, stack(0x0000000033490000,0x0000000033590000)]
  0x000000001f939000 JavaThread "RMI TCP Connection(idle)" daemon [_thread_blocked, id=5268, stack(0x0000000032670000,0x0000000032770000)]
  0x000000001f935000 JavaThread "RMI Reaper" [_thread_blocked, id=12800, stack(0x0000000032270000,0x0000000032370000)]
  0x000000001f92d800 JavaThread "RMI TCP Accept-0" daemon [_thread_in_native, id=9180, stack(0x0000000032170000,0x0000000032270000)]
  0x000000001f933000 JavaThread "GC Daemon" daemon [_thread_blocked, id=12232, stack(0x0000000032070000,0x0000000032170000)]
  0x000000001f930800 JavaThread "RMI Scheduler(0)" daemon [_thread_blocked, id=9368, stack(0x0000000030770000,0x0000000030870000)]
  0x0000000021b9f800 JavaThread "Memory manager" [_thread_blocked, id=1776, stack(0x000000002d8b0000,0x000000002d9b0000)]
  0x000000001c86c800 JavaThread "Cache worker for file content cache (C:\Users\shash\.gradle\caches\6.5\fileContent)" [_thread_blocked, id=5932, stack(0x0000000023090000,0x0000000023190000)]
  0x000000001c86b000 JavaThread "Cache worker for execution history cache (C:\Users\shash\.gradle\caches\6.5\executionHistory)" [_thread_blocked, id=13868, stack(0x00000000225f0000,0x00000000226f0000)]
  0x000000001c86a000 JavaThread "Cache worker for file hash cache (C:\Users\shash\.gradle\caches\6.5\fileHashes)" [_thread_blocked, id=12552, stack(0x000000001ece0000,0x000000001ede0000)]
  0x000000001c865800 JavaThread "File lock request listener" [_thread_in_native, id=3352, stack(0x000000001ebe0000,0x000000001ece0000)]
  0x000000001c99c800 JavaThread "Cache worker for journal cache (C:\Users\shash\.gradle\caches\journal-1)" [_thread_blocked, id=9864, stack(0x000000001eae0000,0x000000001ebe0000)]
  0x000000001c8c8800 JavaThread "Daemon periodic checks" [_thread_blocked, id=10456, stack(0x000000001dee0000,0x000000001dfe0000)]
  0x000000001c8c8000 JavaThread "Incoming local TCP Connector on port 64345" [_thread_in_native, id=8460, stack(0x000000001dca0000,0x000000001dda0000)]
  0x000000001c7ef000 JavaThread "Daemon health stats" [_thread_blocked, id=4048, stack(0x000000001d660000,0x000000001d760000)]
  0x0000000019e89000 JavaThread "Service Thread" daemon [_thread_blocked, id=2236, stack(0x000000001aac0000,0x000000001abc0000)]
  0x0000000019e08000 JavaThread "C1 CompilerThread3" daemon [_thread_blocked, id=11760, stack(0x000000001a9c0000,0x000000001aac0000)]
=>0x0000000019df7800 JavaThread "C2 CompilerThread2" daemon [_thread_in_native, id=10360, stack(0x000000001a8c0000,0x000000001a9c0000)]
  0x0000000017fcb000 JavaThread "C2 CompilerThread1" daemon [_thread_in_native, id=10852, stack(0x000000001a7c0000,0x000000001a8c0000)]
  0x0000000019df2800 JavaThread "C2 CompilerThread0" daemon [_thread_in_native, id=9780, stack(0x000000001a6c0000,0x000000001a7c0000)]
  0x0000000019df6800 JavaThread "Attach Listener" daemon [_thread_blocked, id=5440, stack(0x000000001a5c0000,0x000000001a6c0000)]
  0x0000000019df5800 JavaThread "Signal Dispatcher" daemon [_thread_blocked, id=11768, stack(0x000000001a4c0000,0x000000001a5c0000)]
  0x0000000019de1000 JavaThread "Finalizer" daemon [_thread_blocked, id=11972, stack(0x000000001a2c0000,0x000000001a3c0000)]
  0x0000000002f46800 JavaThread "Reference Handler" daemon [_thread_blocked, id=6800, stack(0x000000001a1c0000,0x000000001a2c0000)]
  0x0000000002dcd800 JavaThread "main" [_thread_blocked, id=13100, stack(0x0000000002cc0000,0x0000000002dc0000)]

Other Threads:
  0x0000000017fb6800 VMThread [stack: 0x0000000019cc0000,0x0000000019dc0000] [id=844]
  0x0000000019e8a000 WatcherThread [stack: 0x000000001abc0000,0x000000001acc0000] [id=8384]

VM state:not at safepoint (normal execution)

VM Mutex/Monitor currently owned by a thread: None

heap address: 0x0000000080000000, size: 2048 MB, Compressed Oops mode: 32-bit
Narrow klass base: 0x0000000000000000, Narrow klass shift: 3
Compressed class space size: 1073741824 Address: 0x0000000100000000

Heap:
 PSYoungGen      total 407552K, used 191532K [0x00000000d5580000, 0x00000000f3d00000, 0x0000000100000000)
  eden space 367616K, 44% used [0x00000000d5580000,0x00000000df408ea0,0x00000000ebc80000)
  from space 39936K, 73% used [0x00000000ebc80000,0x00000000ed902170,0x00000000ee380000)
  to   space 42496K, 0% used [0x00000000f1380000,0x00000000f1380000,0x00000000f3d00000)
 ParOldGen       total 203264K, used 91164K [0x0000000080000000, 0x000000008c680000, 0x00000000d5580000)
  object space 203264K, 44% used [0x0000000080000000,0x00000000859071b8,0x000000008c680000)
 Metaspace       used 110492K, capacity 115852K, committed 116120K, reserved 1150976K
  class space    used 14429K, capacity 15485K, committed 15536K, reserved 1048576K

Card table byte_map: [0x0000000012310000,0x0000000012720000] byte_map_base: 0x0000000011f10000

Marking Bits: (ParMarkBitMap*) 0x0000000061abf030
 Begin Bits: [0x00000000131d0000, 0x00000000151d0000)
 End Bits:   [0x00000000151d0000, 0x00000000171d0000)

Polling page: 0x0000000002dd0000

CodeCache: size=245760Kb used=48450Kb max_used=48450Kb free=197309Kb
 bounds [0x0000000002f50000, 0x0000000005ee0000, 0x0000000011f50000]
 total_blobs=15560 nmethods=14631 adapters=840
 compilation: enabled

Compilation events (10 events):
Event: 111.425 Thread 0x0000000019e08000 18101       3       org.gradle.internal.work.DefaultWorkerLeaseService::acquireLocks (42 bytes)
Event: 111.426 Thread 0x0000000019e08000 nmethod 18101 0x0000000005ed41d0 code [0x0000000005ed43e0, 0x0000000005ed4cf8]
Event: 111.426 Thread 0x0000000019e08000 18102       3       org.gradle.internal.work.DefaultWorkerLeaseService::containsProjectLocks (13 bytes)
Event: 111.427 Thread 0x0000000019e08000 nmethod 18102 0x0000000005ed5210 code [0x0000000005ed53a0, 0x0000000005ed5838]
Event: 111.427 Thread 0x0000000019e08000 18104       3       org.gradle.internal.work.DefaultWorkerLeaseService$3::apply (9 bytes)
Event: 111.427 Thread 0x0000000019e08000 nmethod 18104 0x0000000005ebe250 code [0x0000000005ebe3c0, 0x0000000005ebe770]
Event: 111.427 Thread 0x0000000019e08000 18105       3       org.gradle.internal.work.DefaultWorkerLeaseService$DefaultWorkerLease::acquireLock (101 bytes)
Event: 111.429 Thread 0x0000000019e08000 nmethod 18105 0x0000000005ed5a50 code [0x0000000005ed5de0, 0x0000000005ed80c8]
Event: 111.429 Thread 0x0000000019e08000 18103       3       org.gradle.internal.work.DefaultWorkerLeaseService$3::<init> (10 bytes)
Event: 111.430 Thread 0x0000000019e08000 nmethod 18103 0x0000000004f49610 code [0x0000000004f49760, 0x0000000004f49930]

GC Heap History (10 events):
Event: 14.268 GC heap before
{Heap before GC invocations=19 (full 3):
 PSYoungGen      total 299520K, used 293064K [0x00000000d5580000, 0x00000000ec380000, 0x0000000100000000)
  eden space 277504K, 100% used [0x00000000d5580000,0x00000000e6480000,0x00000000e6480000)
  from space 22016K, 70% used [0x00000000e6480000,0x00000000e73b2010,0x00000000e7a00000)
  to   space 23040K, 0% used [0x00000000ead00000,0x00000000ead00000,0x00000000ec380000)
 ParOldGen       total 113664K, used 55104K [0x0000000080000000, 0x0000000086f00000, 0x00000000d5580000)
  object space 113664K, 48% used [0x0000000080000000,0x00000000835d0000,0x0000000086f00000)
 Metaspace       used 72956K, capacity 76804K, committed 77080K, reserved 1116160K
  class space    used 9992K, capacity 10774K, committed 10800K, reserved 1048576K
Event: 14.340 GC heap after
Heap after GC invocations=19 (full 3):
 PSYoungGen      total 347136K, used 23029K [0x00000000d5580000, 0x00000000ee280000, 0x0000000100000000)
  eden space 324096K, 0% used [0x00000000d5580000,0x00000000d5580000,0x00000000e9200000)
  from space 23040K, 99% used [0x00000000ead00000,0x00000000ec37d540,0x00000000ec380000)
  to   space 27648K, 0% used [0x00000000e9200000,0x00000000e9200000,0x00000000ead00000)
 ParOldGen       total 113664K, used 58197K [0x0000000080000000, 0x0000000086f00000, 0x00000000d5580000)
  object space 113664K, 51% used [0x0000000080000000,0x00000000838d5538,0x0000000086f00000)
 Metaspace       used 72956K, capacity 76804K, committed 77080K, reserved 1116160K
  class space    used 9992K, capacity 10774K, committed 10800K, reserved 1048576K
}
Event: 23.796 GC heap before
{Heap before GC invocations=20 (full 3):
 PSYoungGen      total 347136K, used 347125K [0x00000000d5580000, 0x00000000ee280000, 0x0000000100000000)
  eden space 324096K, 100% used [0x00000000d5580000,0x00000000e9200000,0x00000000e9200000)
  from space 23040K, 99% used [0x00000000ead00000,0x00000000ec37d540,0x00000000ec380000)
  to   space 27648K, 0% used [0x00000000e9200000,0x00000000e9200000,0x00000000ead00000)
 ParOldGen       total 113664K, used 58197K [0x0000000080000000, 0x0000000086f00000, 0x00000000d5580000)
  object space 113664K, 51% used [0x0000000080000000,0x00000000838d5538,0x0000000086f00000)
 Metaspace       used 86249K, capacity 90522K, committed 90776K, reserved 1128448K
  class space    used 11559K, capacity 12441K, committed 12464K, reserved 1048576K
Event: 23.825 GC heap after
Heap after GC invocations=20 (full 3):
 PSYoungGen      total 351744K, used 27645K [0x00000000d5580000, 0x00000000f1280000, 0x0000000100000000)
  eden space 324096K, 0% used [0x00000000d5580000,0x00000000d5580000,0x00000000e9200000)
  from space 27648K, 99% used [0x00000000e9200000,0x00000000eacff6d0,0x00000000ead00000)
  to   space 40960K, 0% used [0x00000000eea80000,0x00000000eea80000,0x00000000f1280000)
 ParOldGen       total 113664K, used 83145K [0x0000000080000000, 0x0000000086f00000, 0x00000000d5580000)
  object space 113664K, 73% used [0x0000000080000000,0x0000000085132598,0x0000000086f00000)
 Metaspace       used 86249K, capacity 90522K, committed 90776K, reserved 1128448K
  class space    used 11559K, capacity 12441K, committed 12464K, reserved 1048576K
}
Event: 26.195 GC heap before
{Heap before GC invocations=21 (full 3):
 PSYoungGen      total 351744K, used 351741K [0x00000000d5580000, 0x00000000f1280000, 0x0000000100000000)
  eden space 324096K, 100% used [0x00000000d5580000,0x00000000e9200000,0x00000000e9200000)
  from space 27648K, 99% used [0x00000000e9200000,0x00000000eacff6d0,0x00000000ead00000)
  to   space 40960K, 0% used [0x00000000eea80000,0x00000000eea80000,0x00000000f1280000)
 ParOldGen       total 113664K, used 83145K [0x0000000080000000, 0x0000000086f00000, 0x00000000d5580000)
  object space 113664K, 73% used [0x0000000080000000,0x0000000085132598,0x0000000086f00000)
 Metaspace       used 92749K, capacity 97062K, committed 97176K, reserved 1132544K
  class space    used 12292K, capacity 13213K, committed 13232K, reserved 1048576K
Event: 26.208 GC heap after
Heap after GC invocations=21 (full 3):
 PSYoungGen      total 400384K, used 7827K [0x00000000d5580000, 0x00000000f0a80000, 0x0000000100000000)
  eden space 367616K, 0% used [0x00000000d5580000,0x00000000d5580000,0x00000000ebc80000)
  from space 32768K, 23% used [0x00000000eea80000,0x00000000ef224e60,0x00000000f0a80000)
  to   space 39936K, 0% used [0x00000000ebc80000,0x00000000ebc80000,0x00000000ee380000)
 ParOldGen       total 113664K, used 98652K [0x0000000080000000, 0x0000000086f00000, 0x00000000d5580000)
  object space 113664K, 86% used [0x0000000080000000,0x00000000860571e0,0x0000000086f00000)
 Metaspace       used 92749K, capacity 97062K, committed 97176K, reserved 1132544K
  class space    used 12292K, capacity 13213K, committed 13232K, reserved 1048576K
}
Event: 26.208 GC heap before
{Heap before GC invocations=22 (full 4):
 PSYoungGen      total 400384K, used 7827K [0x00000000d5580000, 0x00000000f0a80000, 0x0000000100000000)
  eden space 367616K, 0% used [0x00000000d5580000,0x00000000d5580000,0x00000000ebc80000)
  from space 32768K, 23% used [0x00000000eea80000,0x00000000ef224e60,0x00000000f0a80000)
  to   space 39936K, 0% used [0x00000000ebc80000,0x00000000ebc80000,0x00000000ee380000)
 ParOldGen       total 113664K, used 98652K [0x0000000080000000, 0x0000000086f00000, 0x00000000d5580000)
  object space 113664K, 86% used [0x0000000080000000,0x00000000860571e0,0x0000000086f00000)
 Metaspace       used 92749K, capacity 97062K, committed 97176K, reserved 1132544K
  class space    used 12292K, capacity 13213K, committed 13232K, reserved 1048576K
Event: 26.408 GC heap after
Heap after GC invocations=22 (full 4):
 PSYoungGen      total 400384K, used 0K [0x00000000d5580000, 0x00000000f0a80000, 0x0000000100000000)
  eden space 367616K, 0% used [0x00000000d5580000,0x00000000d5580000,0x00000000ebc80000)
  from space 32768K, 0% used [0x00000000eea80000,0x00000000eea80000,0x00000000f0a80000)
  to   space 39936K, 0% used [0x00000000ebc80000,0x00000000ebc80000,0x00000000ee380000)
 ParOldGen       total 203264K, used 91148K [0x0000000080000000, 0x000000008c680000, 0x00000000d5580000)
  object space 203264K, 44% used [0x0000000080000000,0x00000000859031b8,0x000000008c680000)
 Metaspace       used 92461K, capacity 96198K, committed 97176K, reserved 1132544K
  class space    used 12202K, capacity 13053K, committed 13232K, reserved 1048576K
}
Event: 110.043 GC heap before
{Heap before GC invocations=23 (full 4):
 PSYoungGen      total 400384K, used 367616K [0x00000000d5580000, 0x00000000f0a80000, 0x0000000100000000)
  eden space 367616K, 100% used [0x00000000d5580000,0x00000000ebc80000,0x00000000ebc80000)
  from space 32768K, 0% used [0x00000000eea80000,0x00000000eea80000,0x00000000f0a80000)
  to   space 39936K, 0% used [0x00000000ebc80000,0x00000000ebc80000,0x00000000ee380000)
 ParOldGen       total 203264K, used 91148K [0x0000000080000000, 0x000000008c680000, 0x00000000d5580000)
  object space 203264K, 44% used [0x0000000080000000,0x00000000859031b8,0x000000008c680000)
 Metaspace       used 109989K, capacity 115286K, committed 115608K, reserved 1148928K
  class space    used 14414K, capacity 15458K, committed 15536K, reserved 1048576K
Event: 110.080 GC heap after
Heap after GC invocations=23 (full 4):
 PSYoungGen      total 407552K, used 29192K [0x00000000d5580000, 0x00000000f3d00000, 0x0000000100000000)
  eden space 367616K, 0% used [0x00000000d5580000,0x00000000d5580000,0x00000000ebc80000)
  from space 39936K, 73% used [0x00000000ebc80000,0x00000000ed902170,0x00000000ee380000)
  to   space 42496K, 0% used [0x00000000f1380000,0x00000000f1380000,0x00000000f3d00000)
 ParOldGen       total 203264K, used 91164K [0x0000000080000000, 0x000000008c680000, 0x00000000d5580000)
  object space 203264K, 44% used [0x0000000080000000,0x00000000859071b8,0x000000008c680000)
 Metaspace       used 109989K, capacity 115286K, committed 115608K, reserved 1148928K
  class space    used 14414K, capacity 15458K, committed 15536K, reserved 1048576K
}

Deoptimization events (10 events):
Event: 110.211 Thread 0x0000000021520800 Uncommon trap: reason=class_check action=maybe_recompile pc=0x00000000057ef654 method=com.google.common.collect.ImmutableMultimap$Builder.put(Ljava/lang/Object;Ljava/lang/Object;)Lcom/google/common/collect/ImmutableMultimap$Builder; @ 29
Event: 110.227 Thread 0x0000000021520800 Uncommon trap: reason=class_check action=maybe_recompile pc=0x0000000004d1ce24 method=java.security.MessageDigest$Delegate.clone()Ljava/lang/Object; @ 4
Event: 110.689 Thread 0x0000000021520800 Uncommon trap: reason=class_check action=maybe_recompile pc=0x00000000041cc5f4 method=java.util.regex.Pattern$Curly.match0(Ljava/util/regex/Matcher;IILjava/lang/CharSequence;)Z @ 16
Event: 110.689 Thread 0x0000000021520800 Uncommon trap: reason=class_check action=maybe_recompile pc=0x00000000041cc5f4 method=java.util.regex.Pattern$Curly.match0(Ljava/util/regex/Matcher;IILjava/lang/CharSequence;)Z @ 16
Event: 110.689 Thread 0x0000000021520800 Uncommon trap: reason=class_check action=maybe_recompile pc=0x00000000041cc5f4 method=java.util.regex.Pattern$Curly.match0(Ljava/util/regex/Matcher;IILjava/lang/CharSequence;)Z @ 16
Event: 110.689 Thread 0x0000000021520800 Uncommon trap: reason=class_check action=maybe_recompile pc=0x00000000041cc5f4 method=java.util.regex.Pattern$Curly.match0(Ljava/util/regex/Matcher;IILjava/lang/CharSequence;)Z @ 16
Event: 110.689 Thread 0x0000000021520800 Uncommon trap: reason=class_check action=maybe_recompile pc=0x0000000004b76dec method=kotlin.collections.CollectionsKt___CollectionsKt.sorted(Ljava/lang/Iterable;)Ljava/util/List; @ 8
Event: 110.689 Thread 0x0000000021520800 Uncommon trap: reason=class_check action=maybe_recompile pc=0x0000000004b76dec method=kotlin.collections.CollectionsKt___CollectionsKt.sorted(Ljava/lang/Iterable;)Ljava/util/List; @ 8
Event: 110.693 Thread 0x0000000021520800 Uncommon trap: reason=class_check action=maybe_recompile pc=0x000000000534f420 method=java.util.Spliterators$ArraySpliterator.tryAdvance(Ljava/util/function/Consumer;)Z @ 49
Event: 110.736 Thread 0x0000000021520800 Uncommon trap: reason=class_check action=maybe_recompile pc=0x000000000534f420 method=java.util.Spliterators$ArraySpliterator.tryAdvance(Ljava/util/function/Consumer;)Z @ 49

Classes redefined (0 events):
No events

Internal exceptions (10 events):
Event: 109.961 Thread 0x0000000021520800 Implicit null exception at 0x000000000480f21e to 0x000000000480fb90
Event: 109.961 Thread 0x0000000021520800 Implicit null exception at 0x000000000312e945 to 0x0000000003130015
Event: 110.010 Thread 0x0000000021520800 Implicit null exception at 0x00000000034d4f3a to 0x00000000034d67e9
Event: 110.523 Thread 0x0000000021520800 Exception <a 'java/lang/reflect/InvocationTargetException'> (0x00000000d9593dc0) thrown at [C:\src\AOSP-openjdk-git\hotspot\src\share\vm\runtime\reflection.cpp, line 1092]
Event: 110.524 Thread 0x0000000021520800 Exception <a 'java/lang/reflect/InvocationTargetException'> (0x00000000d9596b10) thrown at [C:\src\AOSP-openjdk-git\hotspot\src\share\vm\runtime\reflection.cpp, line 1092]
Event: 110.524 Thread 0x0000000021520800 Exception <a 'java/lang/reflect/InvocationTargetException'> (0x00000000d9599758) thrown at [C:\src\AOSP-openjdk-git\hotspot\src\share\vm\runtime\reflection.cpp, line 1092]
Event: 110.524 Thread 0x0000000021520800 Exception <a 'java/lang/reflect/InvocationTargetException'> (0x00000000d959c4f0) thrown at [C:\src\AOSP-openjdk-git\hotspot\src\share\vm\runtime\reflection.cpp, line 1092]
Event: 110.524 Thread 0x0000000021520800 Exception <a 'java/lang/reflect/InvocationTargetException'> (0x00000000d959f2c0) thrown at [C:\src\AOSP-openjdk-git\hotspot\src\share\vm\runtime\reflection.cpp, line 1092]
Event: 110.550 Thread 0x0000000021520800 Exception <a 'java/lang/reflect/InvocationTargetException'> (0x00000000d9672ff0) thrown at [C:\src\AOSP-openjdk-git\hotspot\src\share\vm\runtime\reflection.cpp, line 1092]
Event: 110.700 Thread 0x0000000021520800 Exception <a 'sun/nio/fs/WindowsException'> (0x00000000d9a96d50) thrown at [C:\src\AOSP-openjdk-git\hotspot\src\share\vm\prims\jni.cpp, line 710]

Events (10 events):
Event: 111.094 Executing VM operation: RevokeBias done
Event: 111.094 Executing VM operation: RevokeBias
Event: 111.095 Executing VM operation: RevokeBias done
Event: 111.097 Thread 0x0000000019e08000 flushing nmethod 0x000000000305ccd0
Event: 111.100 Thread 0x0000000019e08000 flushing nmethod 0x0000000003329fd0
Event: 111.100 Thread 0x0000000019e08000 flushing nmethod 0x0000000003362a10
Event: 111.109 Thread 0x0000000019e08000 flushing nmethod 0x0000000003b39850
Event: 111.109 Thread 0x0000000019e08000 flushing nmethod 0x0000000003b81350
Event: 111.114 Thread 0x0000000019e08000 flushing nmethod 0x0000000003ddf190
Event: 111.114 Thread 0x0000000019e08000 flushing nmethod 0x0000000003e9db10


Dynamic libraries:
0x00007ff7be350000 - 0x00007ff7be381000 	C:\Program Files\Android\Android Studio\jre\bin\java.exe
0x00007ffe80bf0000 - 0x00007ffe80de5000 	C:\Windows\SYSTEM32\ntdll.dll
0x00007ffe80130000 - 0x00007ffe801ed000 	C:\Windows\System32\KERNEL32.DLL
0x00007ffe7e800000 - 0x00007ffe7eac8000 	C:\Windows\System32\KERNELBASE.dll
0x00007ffe802f0000 - 0x00007ffe8039c000 	C:\Windows\System32\ADVAPI32.dll
0x00007ffe7ff60000 - 0x00007ffe7fffe000 	C:\Windows\System32\msvcrt.dll
0x00007ffe80250000 - 0x00007ffe802eb000 	C:\Windows\System32\sechost.dll
0x00007ffe7fd00000 - 0x00007ffe7fe2b000 	C:\Windows\System32\RPCRT4.dll
0x00007ffe7fa30000 - 0x00007ffe7fbd0000 	C:\Windows\System32\USER32.dll
0x00007ffe7e660000 - 0x00007ffe7e682000 	C:\Windows\System32\win32u.dll
0x00007ffe7f300000 - 0x00007ffe7f32a000 	C:\Windows\System32\GDI32.dll
0x00007ffe7e6f0000 - 0x00007ffe7e7fb000 	C:\Windows\System32\gdi32full.dll
0x00007ffe7ead0000 - 0x00007ffe7eb6d000 	C:\Windows\System32\msvcp_win.dll
0x00007ffe7e4e0000 - 0x00007ffe7e5e0000 	C:\Windows\System32\ucrtbase.dll
0x00007ffe66980000 - 0x00007ffe66c1a000 	C:\Windows\WinSxS\amd64_microsoft.windows.common-controls_6595b64144ccf1df_6.0.19041.844_none_ca00b6081b84eb1d\COMCTL32.dll
0x00007ffe7ff30000 - 0x00007ffe7ff60000 	C:\Windows\System32\IMM32.DLL
0x00000000607a0000 - 0x0000000060872000 	C:\Program Files\Android\Android Studio\jre\jre\bin\msvcr100.dll
0x00000000612f0000 - 0x0000000061b3b000 	C:\Program Files\Android\Android Studio\jre\jre\bin\server\jvm.dll
0x00007ffe80450000 - 0x00007ffe80458000 	C:\Windows\System32\PSAPI.DLL
0x00007ffe6e770000 - 0x00007ffe6e797000 	C:\Windows\SYSTEM32\WINMM.dll
0x00007ffe75580000 - 0x00007ffe75589000 	C:\Windows\SYSTEM32\WSOCK32.dll
0x00007ffe75ee0000 - 0x00007ffe75eea000 	C:\Windows\SYSTEM32\VERSION.dll
0x00007ffe7fe30000 - 0x00007ffe7fe9b000 	C:\Windows\System32\WS2_32.dll
0x00007ffe78940000 - 0x00007ffe7894f000 	C:\Program Files\Android\Android Studio\jre\jre\bin\verify.dll
0x00007ffe77e60000 - 0x00007ffe77e89000 	C:\Program Files\Android\Android Studio\jre\jre\bin\java.dll
0x00007ffe764d0000 - 0x00007ffe764e6000 	C:\Program Files\Android\Android Studio\jre\jre\bin\zip.dll
0x00007ffe80460000 - 0x00007ffe80ba2000 	C:\Windows\System32\SHELL32.dll
0x00007ffe7c370000 - 0x00007ffe7cb00000 	C:\Windows\SYSTEM32\windows.storage.dll
0x00007ffe7f330000 - 0x00007ffe7f685000 	C:\Windows\System32\combase.dll
0x00007ffe7dcd0000 - 0x00007ffe7dcfc000 	C:\Windows\SYSTEM32\Wldp.dll
0x00007ffe803a0000 - 0x00007ffe8044e000 	C:\Windows\System32\SHCORE.dll
0x00007ffe801f0000 - 0x00007ffe80245000 	C:\Windows\System32\shlwapi.dll
0x00007ffe7e270000 - 0x00007ffe7e28f000 	C:\Windows\SYSTEM32\profapi.dll
0x00007ffe76260000 - 0x00007ffe7627a000 	C:\Program Files\Android\Android Studio\jre\jre\bin\net.dll
0x00007ffe7da40000 - 0x00007ffe7daaa000 	C:\Windows\system32\mswsock.dll
0x00007ffe76240000 - 0x00007ffe76253000 	C:\Program Files\Android\Android Studio\jre\jre\bin\nio.dll
0x00007ffe77a80000 - 0x00007ffe77aa7000 	C:\Users\shash\.gradle\native\f6784746aeab05261644944871eae4fe03e0ef1612fff0a4a95f87b438bc6780\windows-amd64\native-platform.dll
0x00007ffe78930000 - 0x00007ffe7893d000 	C:\Program Files\Android\Android Studio\jre\jre\bin\management.dll
0x00007ffe7dc10000 - 0x00007ffe7dc28000 	C:\Windows\SYSTEM32\CRYPTSP.dll
0x00007ffe7d3e0000 - 0x00007ffe7d414000 	C:\Windows\system32\rsaenh.dll
0x00007ffe7ec20000 - 0x00007ffe7ec47000 	C:\Windows\System32\bcrypt.dll
0x00007ffe7e230000 - 0x00007ffe7e25e000 	C:\Windows\SYSTEM32\USERENV.dll
0x00007ffe7e5e0000 - 0x00007ffe7e660000 	C:\Windows\System32\bcryptprimitives.dll
0x00007ffe7dc30000 - 0x00007ffe7dc3c000 	C:\Windows\SYSTEM32\CRYPTBASE.dll
0x00007ffe7d730000 - 0x00007ffe7d76b000 	C:\Windows\SYSTEM32\IPHLPAPI.DLL
0x00007ffe7ec50000 - 0x00007ffe7ec58000 	C:\Windows\System32\NSI.dll
0x00007ffe759a0000 - 0x00007ffe759b7000 	C:\Windows\SYSTEM32\dhcpcsvc6.DLL
0x00007ffe75980000 - 0x00007ffe7599d000 	C:\Windows\SYSTEM32\dhcpcsvc.DLL
0x00007ffe7d770000 - 0x00007ffe7d83c000 	C:\Windows\SYSTEM32\DNSAPI.dll
0x00007ffe75a40000 - 0x00007ffe75a4b000 	C:\Windows\SYSTEM32\WINNSI.DLL
0x00007ffe79e20000 - 0x00007ffe79e3e000 	C:\Users\shash\AppData\Local\Temp\native-platform4288535162890516413dir\native-platform.dll
0x00007ffe7c180000 - 0x00007ffe7c364000 	C:\Windows\SYSTEM32\dbghelp.dll

VM Arguments:
jvm_args: -Xmx2048m -Dfile.encoding=UTF-8 -Duser.country=IN -Duser.language=en -Duser.variant 
java_command: org.gradle.launcher.daemon.bootstrap.GradleDaemon 6.5
java_class_path (initial): C:\Users\shash\.gradle\wrapper\dists\gradle-6.5-bin\6nifqtx7604sqp1q6g8wikw7p\gradle-6.5\lib\gradle-launcher-6.5.jar
Launcher Type: SUN_STANDARD

Environment Variables:
PATH=C:\Program Files (x86)\Common Files\Oracle\Java\javapath;C:\Windows\system32;C:\Windows;C:\Windows\System32\Wbem;C:\Windows\System32\WindowsPowerShell\v1.0\;C:\Windows\System32\OpenSSH\;C:\Program Files\PuTTY\;C:\Program Files\Git\cmd;C:\Users\shash\AppData\Local\Microsoft\WindowsApps;
USERNAME=shash
OS=Windows_NT
PROCESSOR_IDENTIFIER=Intel64 Family 6 Model 126 Stepping 5, GenuineIntel



---------------  S Y S T E M  ---------------

OS: Windows 10.0 , 64 bit Build 19041 (10.0.19041.928)

CPU:total 8 (initial active 8) (4 cores per cpu, 2 threads per core) family 6 model 126 stepping 5, cmov, cx8, fxsr, mmx, sse, sse2, sse3, ssse3, sse4.1, sse4.2, popcnt, avx, avx2, aes, clmul, erms, 3dnowpref, lzcnt, ht, tsc, tscinvbit, bmi1, bmi2, adx

Memory: 4k page, physical 8124792k(391624k free), swap 11456520k(2045984k free)

vm_info: OpenJDK 64-Bit Server VM (25.242-b01) for windows-amd64 JRE (1.8.0_242-release-1644-b01), built by "builder" with MS VC++ 10.0 (VS2010)

time: Mon May 31 11:44:58 2021
timezone: India Standard Time
elapsed time: 111 seconds (0d 0h 1m 51s)

